$ make build
cargo build --release
warning: /Users/lichm1/work/nockchain/crates/sword/rust/ibig/Cargo.toml: `default-features` is ignored for num-traits, since `default-features` was not specified for `workspace.dependencies.num-traits`, this could become a hard error in the future
warning: /Users/lichm1/work/nockchain/crates/sword/rust/ibig/Cargo.toml: `default-features` is ignored for rand, since `default-features` was not specified for `workspace.dependencies.rand`, this could become a hard error in the future
warning: /Users/lichm1/work/nockchain/crates/sword/rust/ibig/Cargo.toml: `default-features` is ignored for serde, since `default-features` was not specified for `workspace.dependencies.serde`, this could become a hard error in the future
    Updating crates.io index
    Updating git repository `https://github.com/vlovich/criterion.rs.git`
     Locking 620 packages to latest compatible versions
      Adding bindgen v0.69.5 (available: v0.71.1)
      Adding crossterm v0.28.1 (available: v0.29.0)
      Adding getrandom v0.2.16 (available: v0.3.2)
      Adding hickory-proto v0.25.0-alpha.5 (available: v0.25.2)
      Adding hickory-resolver v0.25.0-alpha.5 (available: v0.25.2)
      Adding image v0.24.9 (available: v0.25.6)
      Adding matchit v0.8.4 (available: v0.8.6)
      Adding opentelemetry v0.27.1 (available: v0.29.1)
      Adding opentelemetry-otlp v0.27.0 (available: v0.29.0)
      Adding opentelemetry_sdk v0.27.1 (available: v0.29.0)
      Adding qrcode v0.13.0 (available: v0.14.1)
      Adding rand v0.8.5 (available: v0.9.1)
      Adding syn v1.0.109 (available: v2.0.101)
      Adding tonic v0.12.3 (available: v0.13.1)
      Adding tracing-opentelemetry v0.28.0 (available: v0.30.0)
      Adding vergen v8.3.2 (available: v9.0.6)
  Downloaded libp2p-mdns v0.47.0
  Downloaded quick-protobuf-codec v0.3.1
  Downloaded num_threads v0.1.7
  Downloaded num-conv v0.1.0
  Downloaded proc-macro-error-attr2 v2.0.0
  Downloaded multibase v0.9.1
  Downloaded prometheus-client-derive-encode v0.4.2
  Downloaded visibility v0.1.1
  Downloaded strum v0.26.3
  Downloaded tinyvec_macros v0.1.1
  Downloaded libp2p-ping v0.46.0
  Downloaded memory-stats v1.2.0
  Downloaded libp2p-memory-connection-limits v0.4.0
  Downloaded void v1.0.2
  Downloaded newtype_derive v0.1.6
  Downloaded rw-stream-sink v0.4.0
  Downloaded simd-adler32 v0.3.7
  Downloaded tagptr v0.2.0
  Downloaded resolv-conf v0.7.3
  Downloaded serde_bytes v0.11.17
  Downloaded which v4.4.2
  Downloaded untrusted v0.9.0
  Downloaded xmltree v0.10.3
  Downloaded pem v3.0.5
  Downloaded multiaddr v0.18.2
  Downloaded unsigned-varint v0.7.2
  Downloaded spki v0.7.3
  Downloaded rustc-hash v1.1.0
  Downloaded paste v1.0.15
  Downloaded libp2p-swarm-derive v0.35.0
  Downloaded unicode-truncate v1.1.0
  Downloaded time-core v0.1.4
  Downloaded termcolor v1.4.1
  Downloaded system-configuration-sys v0.6.0
  Downloaded multistream-select v0.13.0
  Downloaded powerfmt v0.2.0
  Downloaded rusticata-macros v4.1.0
  Downloaded rustc-hash v2.1.1
  Downloaded quinn-udp v0.5.12
  Downloaded libp2p-request-response v0.28.0
  Downloaded libp2p-metrics v0.16.0
  Downloaded quickcheck v1.0.3
  Downloaded oid-registry v0.7.1
  Downloaded num_cpus v1.16.0
  Downloaded num-integer v0.1.46
  Downloaded proc-macro-error2 v2.0.1
  Downloaded unsigned-varint v0.8.0
  Downloaded zune-inflate v0.2.54
  Downloaded pkcs8 v0.10.2
  Downloaded password-hash v0.5.0
  Downloaded yasna v0.5.2
  Downloaded xml-rs v0.8.26
  Downloaded rustls-pki-types v1.12.0
  Downloaded uuid v1.16.0
  Downloaded x509-parser v0.16.0
  Downloaded secp256k1 v0.29.1
  Downloaded time v0.3.41
  Downloaded sysinfo v0.30.13
  Downloaded rayon v1.10.0
  Downloaded sysinfo v0.33.1
  Downloaded rustls-webpki v0.101.7
  Downloaded quinn-proto v0.11.11
  Downloaded unicode-width v0.2.0
  Downloaded moka v0.12.10
  Downloaded nom v7.1.3
  Downloaded libp2p-swarm v0.46.0
  Downloaded rustls v0.23.27
  Downloaded png v0.17.16
  Downloaded num-bigint v0.4.6
  Downloaded minimal-lexical v0.2.1
  Downloaded rcgen v0.13.2
  Downloaded quinn v0.11.7
  Downloaded quick-protobuf v0.8.1
  Downloaded rustls-webpki v0.103.2
  Downloaded qrcode v0.13.0
  Downloaded rayon-core v1.12.1
  Downloaded qoi v0.4.1
  Downloaded prometheus-client v0.22.3
  Downloaded minreq v2.13.4
  Downloaded miniz_oxide v0.8.8
  Downloaded libp2p-quic v0.12.0
  Downloaded ratatui v0.29.0
  Downloaded weezl v0.1.8
  Downloaded vergen v8.3.2
  Downloaded uint v0.10.0
  Downloaded tinyvec v1.9.0
  Downloaded system-configuration v0.6.1
  Downloaded prettyplease v0.2.32
  Downloaded strum_macros v0.26.4
  Downloaded time-macros v0.2.22
  Downloaded libp2p-tcp v0.43.0
  Downloaded libp2p-tls v0.6.1
  Downloaded multihash v0.19.3
  Downloaded lru v0.12.5
  Downloaded libp2p-upnp v0.4.0
  Downloaded ring v0.17.14
  Downloaded tiff v0.9.1
  Downloaded semver v0.1.20
  Downloaded rustc_version v0.1.7
  Downloaded secp256k1-sys v0.10.1
  Downloaded argon2 v0.5.3
  Downloaded adler2 v2.0.0
  Downloaded allocator-api2 v0.2.21
  Downloaded camino v1.1.9
  Downloaded async-recursion v1.1.1
  Downloaded darling_macro v0.20.11
  Downloaded data-encoding-macro-internal v0.1.16
  Downloaded equix v0.2.3
  Downloaded hmac v0.12.1
  Downloaded ident_case v1.0.1
  Downloaded color_quant v1.1.0
  Downloaded asn1-rs-impl v0.2.0
  Downloaded hex_lit v0.1.1
  Downloaded crunchy v0.2.3
  Downloaded base58ck v0.1.0
  Downloaded data-encoding-macro v0.1.18
  Downloaded foldhash v0.1.5
  Downloaded if-watch v3.2.1
  Downloaded if-addrs v0.10.2
  Downloaded home v0.5.11
  Downloaded bitcoin-io v0.1.3
  Downloaded hex-literal v1.0.0
  Downloaded deranged v0.4.0
  Downloaded instability v0.3.7
  Downloaded bitcoincore-rpc-json v0.19.0
  Downloaded bardecoder v0.5.0
  Downloaded futures-bounded v0.2.4
  Downloaded cargo-platform v0.1.9
  Downloaded bit_field v0.10.2
  Downloaded futures-rustls v0.26.0
  Downloaded base-x v0.2.11
  Downloaded cfg_aliases v0.2.1
  Downloaded cassowary v0.3.0
  Downloaded castaway v0.2.3
  Downloaded lebe v0.5.2
  Downloaded indoc v2.0.6
  Downloaded cexpr v0.6.0
  Downloaded asynchronous-codec v0.7.0
  Downloaded libp2p-allow-block-list v0.5.0
  Downloaded lazycell v1.3.0
  Downloaded data-encoding v2.9.0
  Downloaded fixed-capacity-vec v1.0.1
  Downloaded asn1-rs-derive v0.5.1
  Downloaded enum-as-inner v0.6.1
  Downloaded dtoa v1.0.10
  Downloaded bitcoin-units v0.1.2
  Downloaded core2 v0.4.0
  Downloaded cbor4ii v0.3.3
  Downloaded bs58 v0.5.1
  Downloaded libloading v0.8.6
  Downloaded igd-next v0.15.1
  Downloaded cargo_metadata v0.18.1
  Downloaded hex v0.4.3
  Downloaded clang-sys v1.8.1
  Downloaded crc32fast v1.4.2
  Downloaded core-foundation v0.9.4
  Downloaded attohttpc v0.24.1
  Downloaded env_logger v0.8.4
  Downloaded gif v0.13.1
  Downloaded libp2p-dns v0.43.0
  Downloaded jsonrpc v0.18.0
  Downloaded bytemuck v1.23.0
  Downloaded fdeflate v0.3.7
  Downloaded darling v0.20.11
  Downloaded libp2p-identify v0.46.0
  Downloaded hex-conservative v0.2.1
  Downloaded bitcoin-internals v0.3.0
  Downloaded base64ct v1.7.3
  Downloaded libp2p-core v0.43.0
  Downloaded dynasmrt v3.2.0
  Downloaded blake2 v0.10.6
  Downloaded bitcoincore-rpc v0.19.0
  Downloaded bitcoin_hashes v0.14.0
  Downloaded libp2p-identity v0.2.11
  Downloaded libp2p v0.55.0
  Downloaded hashx v0.3.1
  Downloaded hickory-resolver v0.25.0-alpha.5
  Downloaded base64 v0.13.1
  Downloaded const-oid v0.9.6
  Downloaded half v2.6.0
  Downloaded flate2 v1.1.1
  Downloaded bech32 v0.11.0
  Downloaded compact_str v0.8.1
  Downloaded der-parser v9.0.0
  Downloaded darling_core v0.20.11
  Downloaded asn1-rs v0.6.2
  Downloaded der v0.7.10
  Downloaded http v0.2.12
  Downloaded libp2p-kad v0.47.0
  Downloaded itertools v0.13.0
  Downloaded dynasm v3.2.0
  Downloaded itertools v0.12.1
  Downloaded hkdf v0.12.4
  Downloaded bindgen v0.69.5
  Downloaded exr v1.73.0
  Downloaded bitcoin v0.32.5
  Downloaded hickory-proto v0.25.0-alpha.5
  Downloaded jpeg-decoder v0.3.1
  Downloaded libp2p-connection-limits v0.5.0
  Downloaded image v0.24.9
  Downloaded 200 crates (25.7 MB) in 12.68s (largest was `image` at 9.3 MB)
   Compiling memchr v2.7.4
   Compiling log v0.4.27
   Compiling pin-project-lite v0.2.16
   Compiling smallvec v1.15.0
   Compiling futures-core v0.3.31
   Compiling futures-io v0.3.31
   Compiling serde v1.0.219
   Compiling slab v0.4.9
   Compiling futures-sink v0.3.31
   Compiling pin-utils v0.1.0
   Compiling futures-task v0.3.31
   Compiling itoa v1.0.15
   Compiling fnv v1.0.7
   Compiling futures-channel v0.3.31
   Compiling parking_lot_core v0.9.10
   Compiling tracing v0.1.41
   Compiling mio v1.0.3
   Compiling crypto-common v0.1.6
   Compiling either v1.15.0
   Compiling socket2 v0.5.9
   Compiling displaydoc v0.2.5
   Compiling futures-util v0.3.31
   Compiling parking_lot v0.12.3
   Compiling digest v0.10.7
   Compiling semver v1.0.26
   Compiling zeroize v1.8.1
   Compiling byteorder v1.5.0
   Compiling thiserror v1.0.69
   Compiling num_cpus v1.16.0
   Compiling foldhash v0.1.5
   Compiling allocator-api2 v0.2.21
   Compiling num-traits v0.2.19
   Compiling ryu v1.0.20
   Compiling signature v2.2.0
   Compiling lazy_static v1.5.0
   Compiling ed25519 v2.2.3
   Compiling sha2 v0.10.9
   Compiling core-foundation-sys v0.8.7
   Compiling hashbrown v0.15.3
   Compiling crossbeam-epoch v0.9.18
   Compiling data-encoding v2.9.0
   Compiling crossbeam-deque v0.8.6
   Compiling glob v0.3.2
   Compiling arrayvec v0.7.6
   Compiling rustix v0.38.44
   Compiling indexmap v2.9.0
   Compiling bytes v1.10.1
   Compiling sync_wrapper v1.0.2
   Compiling futures-executor v0.3.31
   Compiling tokio v1.45.0
   Compiling futures v0.3.31
   Compiling http v1.3.1
   Compiling unsigned-varint v0.8.0
   Compiling serde_json v1.0.140
   Compiling tinystr v0.7.6
   Compiling icu_collections v1.5.0
   Compiling quick-protobuf v0.8.1
   Compiling hmac v0.12.1
   Compiling http-body v1.0.1
   Compiling icu_locid v1.5.0
   Compiling http-body-util v0.1.3
   Compiling aho-corasick v1.1.3
   Compiling core2 v0.4.0
   Compiling ipnet v2.11.0
   Compiling multihash v0.19.3
   Compiling hkdf v0.12.4
   Compiling icu_provider v1.5.0
   Compiling rustc_version v0.4.1
   Compiling minimal-lexical v0.2.1
   Compiling icu_locid_transform v1.5.0
   Compiling curve25519-dalek v4.1.3
   Compiling data-encoding-macro-internal v0.1.16
   Compiling regex-automata v0.4.9
   Compiling powerfmt v0.2.0
   Compiling bs58 v0.5.1
   Compiling base-x v0.2.11
   Compiling time-core v0.1.4
   Compiling num-conv v0.1.0
   Compiling deranged v0.4.0
   Compiling strsim v0.11.1
   Compiling unsigned-varint v0.7.2
   Compiling icu_properties v1.5.1
   Compiling multistream-select v0.13.0
   Compiling data-encoding-macro v0.1.18
   Compiling multibase v0.9.1
   Compiling cipher v0.4.4
   Compiling ed25519-dalek v2.1.1
   Compiling rw-stream-sink v0.4.0
   Compiling ring v0.17.14
   Compiling unicode-segmentation v1.12.0
   Compiling rayon-core v1.12.1
   Compiling libp2p-identity v0.2.11
   Compiling tokio-util v0.7.15
   Compiling tower v0.5.2
   Compiling tokio-stream v0.1.17
   Compiling signal-hook-mio v0.2.4
   Compiling opentelemetry v0.27.1
   Compiling itertools v0.14.0
   Compiling crossterm v0.28.1
   Compiling icu_normalizer v1.5.0
   Compiling h2 v0.4.10
   Compiling regex v1.11.1
   Compiling idna_adapter v1.2.0
   Compiling idna v1.0.3
   Compiling url v2.5.4
   Compiling prost-derive v0.13.5
   Compiling multiaddr v0.18.2
   Compiling axum-core v0.4.5
   Compiling libp2p-core v0.43.0
   Compiling serde_urlencoded v0.7.1
   Compiling lru v0.12.5
   Compiling untrusted v0.9.0
   Compiling async-stream v0.3.6
   Compiling cmac v0.7.2
   Compiling opentelemetry_sdk v0.27.1
   Compiling tower v0.4.13
   Compiling axum v0.7.9
   Compiling convert_case v0.7.1
   Compiling aes v0.8.4
   Compiling hyper v1.6.0
   Compiling ctr v0.9.2
   Compiling time-macros v0.2.22
   Compiling iana-time-zone v0.1.63
   Compiling sharded-slab v0.1.7
   Compiling aead v0.5.2
   Compiling tracing-log v0.2.0
   Compiling dashmap v6.1.0
   Compiling derive_more-impl v2.0.1
   Compiling hyper-util v0.1.11
   Compiling crokey-proc_macros v1.1.2
   Compiling tracing-subscriber v0.3.19
   Compiling prost v0.13.5
   Compiling hyper-timeout v0.5.2
   Compiling reqwest v0.12.15
   Compiling tonic v0.12.3
   Compiling aes-siv v0.7.0
   Compiling chrono v0.4.41
   Compiling rayon v1.10.0
   Compiling x25519-dalek v2.0.1
   Compiling ibig v0.3.6 (/Users/lichm1/work/nockchain/crates/sword/rust/ibig)
   Compiling time v0.3.41
   Compiling libp2p-swarm-derive v0.35.0
   Compiling sha1 v0.10.6
   Compiling rustls-pki-types v1.12.0
   Compiling bitcoin-io v0.1.3
   Compiling sword_crypto v0.1.0 (/Users/lichm1/work/nockchain/crates/sword/rust/sword_crypto)
   Compiling governor v0.8.1
   Compiling clap_builder v4.5.37
   Compiling libp2p-swarm v0.46.0
   Compiling crossbeam v0.8.4
   Compiling opentelemetry-proto v0.27.0
   Compiling dogstatsd v0.12.1
   Compiling lazy-regex v3.4.1
   Compiling opentelemetry-http v0.27.0
   Compiling crokey v1.1.2
   Compiling coolor v1.0.0
   Compiling nom v7.1.3
   Compiling axum-core v0.5.2
   Compiling serde_path_to_error v0.1.17
   Compiling sysinfo v0.28.4
   Compiling blake2 v0.10.6
   Compiling cfg_aliases v0.2.1
   Compiling rustls v0.23.27
   Compiling tinyvec_macros v0.1.1
   Compiling simd-adler32 v0.3.7
   Compiling bitcoin-internals v0.3.0
   Compiling sword v0.1.0 (/Users/lichm1/work/nockchain/crates/sword/rust/sword)
   Compiling tinyvec v1.9.0
   Compiling bincode v2.0.1
   Compiling blake3 v1.8.2
   Compiling axum v0.8.4
   Compiling termimad v0.31.3
   Compiling tracing-test v0.2.5
   Compiling rusticata-macros v4.1.0
   Compiling clap v4.5.37
   Compiling yaque v0.6.6
   Compiling opentelemetry-otlp v0.27.0
   Compiling rustls-webpki v0.103.2
   Compiling tracing-opentelemetry v0.28.0
   Compiling hex-conservative v0.2.1
   Compiling secp256k1-sys v0.10.1
   Compiling asn1-rs-derive v0.5.1
   Compiling asn1-rs-impl v0.2.0
   Compiling bitcoin_hashes v0.14.0
   Compiling num-integer v0.1.46
   Compiling proc-macro-error-attr2 v2.0.0
   Compiling system-configuration-sys v0.6.0
   Compiling adler2 v2.0.0
   Compiling hex v0.4.3
   Compiling hex_lit v0.1.1
   Compiling oid-registry v0.7.1
   Compiling miniz_oxide v0.8.8
   Compiling num-bigint v0.4.6
   Compiling proc-macro-error2 v2.0.1
   Compiling quinn-udp v0.5.12
   Compiling asn1-rs v0.6.2
   Compiling crunchy v0.2.3
   Compiling minreq v2.13.4
   Compiling base64ct v1.7.3
   Compiling bitcoin v0.32.5
   Compiling moka v0.12.10
   Compiling camino v1.1.9
   Compiling password-hash v0.5.0
   Compiling dynasm v3.2.0
   Compiling der-parser v9.0.0
   Compiling base58ck v0.1.0
   Compiling bitcoin-units v0.1.2
   Compiling quinn v0.11.7
   Compiling yasna v0.5.2
   Compiling env_logger v0.8.4
   Compiling clang-sys v1.8.1
   Compiling asynchronous-codec v0.7.0
   Compiling futures-bounded v0.2.4
   Compiling pem v3.0.5
   Compiling core-foundation v0.9.4
   Compiling enum-as-inner v0.6.1
   Compiling uuid v1.16.0
   Compiling async-recursion v1.1.1
   Compiling crc32fast v1.4.2
   Compiling bech32 v0.11.0
   Compiling rustc-hash v2.1.1
   Compiling prettyplease v0.2.32
   Compiling tagptr v0.2.0
   Compiling quinn-proto v0.11.11
   Compiling flate2 v1.1.1
   Compiling system-configuration v0.6.1
   Compiling rcgen v0.13.2
   Compiling quick-protobuf-codec v0.3.1
   Compiling quickcheck v1.0.3
   Compiling secp256k1 v0.29.1
   Compiling x509-parser v0.16.0
   Compiling hickory-proto v0.25.0-alpha.5
   Compiling argon2 v0.5.3
   Compiling futures-rustls v0.26.0
   Compiling rustls-webpki v0.101.7
   Compiling cargo-platform v0.1.9
   Compiling vergen v8.3.2
   Compiling if-addrs v0.10.2
   Compiling num_threads v0.1.7
   Compiling base64 v0.13.1
   Compiling semver v0.1.20
   Compiling weezl v0.1.8
   Compiling hex-literal v1.0.0
   Compiling ident_case v1.0.1
   Compiling derive_more v2.0.1
   Compiling resolv-conf v0.7.3
   Compiling fixed-capacity-vec v1.0.1
   Compiling hickory-resolver v0.25.0-alpha.5
   Compiling darling_core v0.20.11
   Compiling gnort v0.1.2
   Compiling bitcoincore-rpc-json v0.19.0
   Compiling crown v0.1.0 (/Users/lichm1/work/nockchain/crates/nockapp/crown)
   Compiling rustc_version v0.1.7
   Compiling jsonrpc v0.18.0
   Compiling if-watch v3.2.1
   Compiling libp2p-tls v0.6.1
   Compiling cargo_metadata v0.18.1
   Compiling uint v0.10.0
   Compiling fdeflate v0.3.7
   Compiling zune-inflate v0.2.54
   Compiling zkvm-jetpack v0.1.0 (/Users/lichm1/work/nockchain/crates/zkvm-jetpack)
   Compiling jpeg-decoder v0.3.1
   Compiling sysinfo v0.33.1
   Compiling cbor4ii v0.3.3
   Compiling sysinfo v0.30.13
   Compiling visibility v0.1.1
   Compiling memory-stats v1.2.0
   Compiling libloading v0.8.6
   Compiling half v2.6.0
   Compiling bit_field v0.10.2
   Compiling bytemuck v1.23.0
   Compiling lebe v0.5.2
   Compiling home v0.5.11
   Compiling color_quant v1.1.0
   Compiling bindgen v0.69.5
   Compiling gif v0.13.1
   Compiling exr v1.73.0
   Compiling which v4.4.2
   Compiling qoi v0.4.1
   Compiling cexpr v0.6.0
   Compiling libp2p-memory-connection-limits v0.4.0
   Compiling libp2p-request-response v0.28.0
   Compiling tiff v0.9.1
   Compiling libp2p-quic v0.12.0
   Compiling dynasmrt v3.2.0
   Compiling png v0.17.16
   Compiling libp2p-kad v0.47.0
   Compiling bitcoincore-rpc v0.19.0
   Compiling newtype_derive v0.1.6
   Compiling hashx v0.3.1
   Compiling darling_macro v0.20.11
   Compiling libp2p-dns v0.43.0
   Compiling equix v0.2.3
   Compiling libp2p-identify v0.46.0
   Compiling libp2p-connection-limits v0.5.0
   Compiling libp2p-allow-block-list v0.5.0
   Compiling libp2p-ping v0.46.0
   Compiling itertools v0.12.1
   Compiling paste v1.0.15
   Compiling lazycell v1.3.0
   Compiling rustc-hash v1.1.0
   Compiling libp2p v0.55.0
   Compiling darling v0.20.11
   Compiling nockchain v0.1.0 (/Users/lichm1/work/nockchain/crates/nockchain)
   Compiling image v0.24.9
   Compiling nockchain-bitcoin-sync v0.1.0 (/Users/lichm1/work/nockchain/crates/nockchain-bitcoin-sync)
   Compiling choo v0.2.0 (/Users/lichm1/work/nockchain/crates/nockapp/apps/choo)
   Compiling serde_bytes v0.11.17
   Compiling castaway v0.2.3
   Compiling strum_macros v0.26.4
   Compiling itertools v0.13.0
   Compiling kernels v0.1.0 (/Users/lichm1/work/nockchain/crates/kernels)
   Compiling indoc v2.0.6
   Compiling void v1.0.2
   Compiling nockchain-libp2p-io v0.1.0 (/Users/lichm1/work/nockchain/crates/nockchain-libp2p-io)
   Compiling instability v0.3.7
   Compiling unicode-truncate v1.1.0
   Compiling compact_str v0.8.1
   Compiling termcolor v1.4.1
   Compiling unicode-width v0.2.0
   Compiling cassowary v0.3.0
   Compiling bardecoder v0.5.0
   Compiling qrcode v0.13.0
   Compiling equix-latency v0.1.0 (/Users/lichm1/work/nockchain/crates/equix-latency)
   Compiling sword_macros v0.1.0 (/Users/lichm1/work/nockchain/crates/sword/rust/sword_macros)
   Compiling strum v0.26.3
   Compiling ratatui v0.29.0
   Compiling murmur3-sys v0.1.0 (/Users/lichm1/work/nockchain/crates/sword/rust/murmur3/murmur3-sys)
   Compiling wallet v0.1.0 (/Users/lichm1/work/nockchain/crates/wallet)
    Finished `release` profile [optimized + debuginfo] target(s) in 2m 10s